[debug] [2025-04-17T06:47:14.307Z] ----------------------------------------------------------------------
[debug] [2025-04-17T06:47:14.310Z] Command:       C:\Program Files\nodejs\node.exe C:\Users\Onestore\AppData\Roaming\npm\node_modules\firebase-tools\lib\bin\firebase.js init
[debug] [2025-04-17T06:47:14.311Z] CLI Version:   14.2.0
[debug] [2025-04-17T06:47:14.311Z] Platform:      win32
[debug] [2025-04-17T06:47:14.311Z] Node Version:  v22.14.0
[debug] [2025-04-17T06:47:14.311Z] Time:          Thu Apr 17 2025 12:17:14 GMT+0530 (India Standard Time)
[debug] [2025-04-17T06:47:14.311Z] ----------------------------------------------------------------------
[debug] 
[debug] [2025-04-17T06:47:14.316Z] > command requires scopes: ["email","openid","https://www.googleapis.com/auth/cloudplatformprojects.readonly","https://www.googleapis.com/auth/firebase","https://www.googleapis.com/auth/cloud-platform"]
[debug] [2025-04-17T06:47:14.316Z] > authorizing via signed-in user (achalalalaka@gmail.com)
[info] 
     ######## #### ########  ######## ########     ###     ######  ########
     ##        ##  ##     ## ##       ##     ##  ##   ##  ##       ##
     ######    ##  ########  ######   ########  #########  ######  ######
     ##        ##  ##    ##  ##       ##     ## ##     ##       ## ##
     ##       #### ##     ## ######## ########  ##     ##  ######  ########

You're about to initialize a Firebase project in this directory:

  D:\student-management-system-front-end-main

[info] 
=== Project Setup
[info] 
[info] First, let's associate this project directory with a Firebase project.
[info] You can create multiple project aliases by running firebase use --add, 
[info] but for now we'll just set up a default project.
[info] 
